build/app/intermediates/manifest_merge_blame_file/debug/manifest-merger-blame-debug-report.txt
1<?xml version="1.0" encoding="utf-8"?>
2<!--
3 Copyright 2014 The Flutter Authors. All rights reserved.
4Use of this source code is governed by a BSD-style license that can be
5found in the LICENSE file.
6-->
7<manifest xmlns:android="http://schemas.android.com/apk/res/android"
8    package="io.flutter.examples.platform_channel"
9    android:versionCode="1"
10    android:versionName="1.0" >
11
12    <uses-sdk
13        android:minSdkVersion="16"
13-->src/main/AndroidManifest.xml
14        android:targetSdkVersion="31" />
14-->src/main/AndroidManifest.xml
15
16    <!--
17         The INTERNET permission is required for development. Specifically,
18         flutter needs it to communicate with the running application
19         to allow setting breakpoints, to provide hot reload, etc.
20    -->
21    <uses-permission android:name="android.permission.INTERNET" />
21-->src/main/AndroidManifest.xml:12:5-66
21-->src/main/AndroidManifest.xml:12:22-64
22    <uses-permission android:name="android.permission.ACCESS_FINE_LOCATION" />
22-->src/main/AndroidManifest.xml:13:5-78
22-->src/main/AndroidManifest.xml:13:22-76
23
24    <application
24-->src/main/AndroidManifest.xml:15:5-33:19
25        android:appComponentFactory="androidx.core.app.CoreComponentFactory"
25-->[androidx.core:core:1.6.0] AndroidManifest.xml:24:18-86
26        android:debuggable="true"
27        android:label="@string/app_name" >
27-->src/main/AndroidManifest.xml:15:18-50
28        <activity
28-->src/main/AndroidManifest.xml:16:9-27:20
29            android:name="com.example.platformchannel.MainActivity"
29-->src/main/AndroidManifest.xml:16:19-47
30            android:configChanges="orientation|keyboardHidden|keyboard|screenSize|locale|layoutDirection|fontScale|screenLayout|density|uiMode"
30-->src/main/AndroidManifest.xml:19:19-150
31            android:exported="true"
31-->src/main/AndroidManifest.xml:21:21-44
32            android:hardwareAccelerated="true"
32-->src/main/AndroidManifest.xml:20:19-53
33            android:launchMode="singleTop"
33-->src/main/AndroidManifest.xml:17:19-49
34            android:theme="@android:style/Theme.Black.NoTitleBar"
34-->src/main/AndroidManifest.xml:18:19-72
35            android:windowSoftInputMode="adjustResize" >
35-->src/main/AndroidManifest.xml:22:19-61
36            <intent-filter>
36-->src/main/AndroidManifest.xml:23:13-26:29
37                <action android:name="android.intent.action.MAIN" />
37-->src/main/AndroidManifest.xml:24:17-68
37-->src/main/AndroidManifest.xml:24:25-66
38
39                <category android:name="android.intent.category.LAUNCHER" />
39-->src/main/AndroidManifest.xml:25:17-76
39-->src/main/AndroidManifest.xml:25:27-74
40            </intent-filter>
41        </activity>
42        <!--
43         Don't delete the meta-data below.
44         This is used by the Flutter tool to generate GeneratedPluginRegistrant.java
45        -->
46        <meta-data
46-->src/main/AndroidManifest.xml:30:9-32:33
47            android:name="flutterEmbedding"
47-->src/main/AndroidManifest.xml:31:13-44
48            android:value="2" />
48-->src/main/AndroidManifest.xml:32:13-30
49
50        <uses-library
50-->[androidx.window:window:1.0.0-beta03] AndroidManifest.xml:25:9-27:40
51            android:name="androidx.window.extensions"
51-->[androidx.window:window:1.0.0-beta03] AndroidManifest.xml:26:13-54
52            android:required="false" />
52-->[androidx.window:window:1.0.0-beta03] AndroidManifest.xml:27:13-37
53        <uses-library
53-->[androidx.window:window:1.0.0-beta03] AndroidManifest.xml:28:9-30:40
54            android:name="androidx.window.sidecar"
54-->[androidx.window:window:1.0.0-beta03] AndroidManifest.xml:29:13-51
55            android:required="false" />
55-->[androidx.window:window:1.0.0-beta03] AndroidManifest.xml:30:13-37
56    </application>
57
58</manifest>